[2014-02-15 08:16:57] production.ERROR: exception 'Symfony\Component\HttpKernel\Exception\NotFoundHttpException' in C:\Program Files (x86)\Ampps\www\e-waste\vendor\laravel\framework\src\Illuminate\Routing\RouteCollection.php:140
Stack trace:
#0 C:\Program Files (x86)\Ampps\www\e-waste\vendor\laravel\framework\src\Illuminate\Routing\Router.php(1021): Illuminate\Routing\RouteCollection->match(Object(Illuminate\Http\Request))
#1 C:\Program Files (x86)\Ampps\www\e-waste\vendor\laravel\framework\src\Illuminate\Routing\Router.php(989): Illuminate\Routing\Router->findRoute(Object(Illuminate\Http\Request))
#2 C:\Program Files (x86)\Ampps\www\e-waste\vendor\laravel\framework\src\Illuminate\Routing\Router.php(968): Illuminate\Routing\Router->dispatchToRoute(Object(Illuminate\Http\Request))
#3 C:\Program Files (x86)\Ampps\www\e-waste\vendor\laravel\framework\src\Illuminate\Foundation\Application.php(738): Illuminate\Routing\Router->dispatch(Object(Illuminate\Http\Request))
#4 C:\Program Files (x86)\Ampps\www\e-waste\vendor\laravel\framework\src\Illuminate\Foundation\Application.php(708): Illuminate\Foundation\Application->dispatch(Object(Illuminate\Http\Request))
#5 C:\Program Files (x86)\Ampps\www\e-waste\vendor\laravel\framework\src\Illuminate\Http\FrameGuard.php(38): Illuminate\Foundation\Application->handle(Object(Illuminate\Http\Request), 1, true)
#6 C:\Program Files (x86)\Ampps\www\e-waste\vendor\laravel\framework\src\Illuminate\Session\Middleware.php(72): Illuminate\Http\FrameGuard->handle(Object(Illuminate\Http\Request), 1, true)
#7 C:\Program Files (x86)\Ampps\www\e-waste\vendor\laravel\framework\src\Illuminate\Cookie\Queue.php(47): Illuminate\Session\Middleware->handle(Object(Illuminate\Http\Request), 1, true)
#8 C:\Program Files (x86)\Ampps\www\e-waste\vendor\laravel\framework\src\Illuminate\Cookie\Guard.php(51): Illuminate\Cookie\Queue->handle(Object(Illuminate\Http\Request), 1, true)
#9 C:\Program Files (x86)\Ampps\www\e-waste\vendor\stack\builder\src\Stack\StackedHttpKernel.php(23): Illuminate\Cookie\Guard->handle(Object(Illuminate\Http\Request), 1, true)
#10 C:\Program Files (x86)\Ampps\www\e-waste\vendor\laravel\framework\src\Illuminate\Foundation\Application.php(606): Stack\StackedHttpKernel->handle(Object(Illuminate\Http\Request))
#11 C:\Program Files (x86)\Ampps\www\e-waste\public\index.php(49): Illuminate\Foundation\Application->run()
#12 {main} [] []
[2014-02-15 08:17:33] production.ERROR: exception 'Symfony\Component\HttpKernel\Exception\NotFoundHttpException' with message 'Controller method not found.' in C:\Program Files (x86)\Ampps\www\e-waste\vendor\laravel\framework\src\Illuminate\Routing\Controller.php:217
Stack trace:
#0 [internal function]: Illuminate\Routing\Controller->missingMethod(Array)
#1 C:\Program Files (x86)\Ampps\www\e-waste\vendor\laravel\framework\src\Illuminate\Routing\Controller.php(194): call_user_func_array(Array, Array)
#2 C:\Program Files (x86)\Ampps\www\e-waste\vendor\laravel\framework\src\Illuminate\Routing\ControllerDispatcher.php(93): Illuminate\Routing\Controller->callAction('missingMethod', Array)
#3 C:\Program Files (x86)\Ampps\www\e-waste\vendor\laravel\framework\src\Illuminate\Routing\ControllerDispatcher.php(62): Illuminate\Routing\ControllerDispatcher->call(Object(AuthController), Object(Illuminate\Routing\Route), 'missingMethod')
#4 C:\Program Files (x86)\Ampps\www\e-waste\vendor\laravel\framework\src\Illuminate\Routing\Router.php(934): Illuminate\Routing\ControllerDispatcher->dispatch(Object(Illuminate\Routing\Route), Object(Illuminate\Http\Request), 'AuthController', 'missingMethod')
#5 [internal function]: Illuminate\Routing\Router->Illuminate\Routing\{closure}(Array)
#6 C:\Program Files (x86)\Ampps\www\e-waste\vendor\laravel\framework\src\Illuminate\Routing\Route.php(105): call_user_func_array(Object(Closure), Array)
#7 C:\Program Files (x86)\Ampps\www\e-waste\vendor\laravel\framework\src\Illuminate\Routing\Router.php(1000): Illuminate\Routing\Route->run(Object(Illuminate\Http\Request))
#8 C:\Program Files (x86)\Ampps\www\e-waste\vendor\laravel\framework\src\Illuminate\Routing\Router.php(968): Illuminate\Routing\Router->dispatchToRoute(Object(Illuminate\Http\Request))
#9 C:\Program Files (x86)\Ampps\www\e-waste\vendor\laravel\framework\src\Illuminate\Foundation\Application.php(738): Illuminate\Routing\Router->dispatch(Object(Illuminate\Http\Request))
#10 C:\Program Files (x86)\Ampps\www\e-waste\vendor\laravel\framework\src\Illuminate\Foundation\Application.php(708): Illuminate\Foundation\Application->dispatch(Object(Illuminate\Http\Request))
#11 C:\Program Files (x86)\Ampps\www\e-waste\vendor\laravel\framework\src\Illuminate\Http\FrameGuard.php(38): Illuminate\Foundation\Application->handle(Object(Illuminate\Http\Request), 1, true)
#12 C:\Program Files (x86)\Ampps\www\e-waste\vendor\laravel\framework\src\Illuminate\Session\Middleware.php(72): Illuminate\Http\FrameGuard->handle(Object(Illuminate\Http\Request), 1, true)
#13 C:\Program Files (x86)\Ampps\www\e-waste\vendor\laravel\framework\src\Illuminate\Cookie\Queue.php(47): Illuminate\Session\Middleware->handle(Object(Illuminate\Http\Request), 1, true)
#14 C:\Program Files (x86)\Ampps\www\e-waste\vendor\laravel\framework\src\Illuminate\Cookie\Guard.php(51): Illuminate\Cookie\Queue->handle(Object(Illuminate\Http\Request), 1, true)
#15 C:\Program Files (x86)\Ampps\www\e-waste\vendor\stack\builder\src\Stack\StackedHttpKernel.php(23): Illuminate\Cookie\Guard->handle(Object(Illuminate\Http\Request), 1, true)
#16 C:\Program Files (x86)\Ampps\www\e-waste\vendor\laravel\framework\src\Illuminate\Foundation\Application.php(606): Stack\StackedHttpKernel->handle(Object(Illuminate\Http\Request))
#17 C:\Program Files (x86)\Ampps\www\e-waste\public\index.php(49): Illuminate\Foundation\Application->run()
#18 {main} [] []
[2014-02-15 08:17:41] production.ERROR: exception 'Symfony\Component\HttpKernel\Exception\NotFoundHttpException' with message 'Controller method not found.' in C:\Program Files (x86)\Ampps\www\e-waste\vendor\laravel\framework\src\Illuminate\Routing\Controller.php:217
Stack trace:
#0 [internal function]: Illuminate\Routing\Controller->missingMethod(Array)
#1 C:\Program Files (x86)\Ampps\www\e-waste\vendor\laravel\framework\src\Illuminate\Routing\Controller.php(194): call_user_func_array(Array, Array)
#2 C:\Program Files (x86)\Ampps\www\e-waste\vendor\laravel\framework\src\Illuminate\Routing\ControllerDispatcher.php(93): Illuminate\Routing\Controller->callAction('missingMethod', Array)
#3 C:\Program Files (x86)\Ampps\www\e-waste\vendor\laravel\framework\src\Illuminate\Routing\ControllerDispatcher.php(62): Illuminate\Routing\ControllerDispatcher->call(Object(AuthController), Object(Illuminate\Routing\Route), 'missingMethod')
#4 C:\Program Files (x86)\Ampps\www\e-waste\vendor\laravel\framework\src\Illuminate\Routing\Router.php(934): Illuminate\Routing\ControllerDispatcher->dispatch(Object(Illuminate\Routing\Route), Object(Illuminate\Http\Request), 'AuthController', 'missingMethod')
#5 [internal function]: Illuminate\Routing\Router->Illuminate\Routing\{closure}(Array)
#6 C:\Program Files (x86)\Ampps\www\e-waste\vendor\laravel\framework\src\Illuminate\Routing\Route.php(105): call_user_func_array(Object(Closure), Array)
#7 C:\Program Files (x86)\Ampps\www\e-waste\vendor\laravel\framework\src\Illuminate\Routing\Router.php(1000): Illuminate\Routing\Route->run(Object(Illuminate\Http\Request))
#8 C:\Program Files (x86)\Ampps\www\e-waste\vendor\laravel\framework\src\Illuminate\Routing\Router.php(968): Illuminate\Routing\Router->dispatchToRoute(Object(Illuminate\Http\Request))
#9 C:\Program Files (x86)\Ampps\www\e-waste\vendor\laravel\framework\src\Illuminate\Foundation\Application.php(738): Illuminate\Routing\Router->dispatch(Object(Illuminate\Http\Request))
#10 C:\Program Files (x86)\Ampps\www\e-waste\vendor\laravel\framework\src\Illuminate\Foundation\Application.php(708): Illuminate\Foundation\Application->dispatch(Object(Illuminate\Http\Request))
#11 C:\Program Files (x86)\Ampps\www\e-waste\vendor\laravel\framework\src\Illuminate\Http\FrameGuard.php(38): Illuminate\Foundation\Application->handle(Object(Illuminate\Http\Request), 1, true)
#12 C:\Program Files (x86)\Ampps\www\e-waste\vendor\laravel\framework\src\Illuminate\Session\Middleware.php(72): Illuminate\Http\FrameGuard->handle(Object(Illuminate\Http\Request), 1, true)
#13 C:\Program Files (x86)\Ampps\www\e-waste\vendor\laravel\framework\src\Illuminate\Cookie\Queue.php(47): Illuminate\Session\Middleware->handle(Object(Illuminate\Http\Request), 1, true)
#14 C:\Program Files (x86)\Ampps\www\e-waste\vendor\laravel\framework\src\Illuminate\Cookie\Guard.php(51): Illuminate\Cookie\Queue->handle(Object(Illuminate\Http\Request), 1, true)
#15 C:\Program Files (x86)\Ampps\www\e-waste\vendor\stack\builder\src\Stack\StackedHttpKernel.php(23): Illuminate\Cookie\Guard->handle(Object(Illuminate\Http\Request), 1, true)
#16 C:\Program Files (x86)\Ampps\www\e-waste\vendor\laravel\framework\src\Illuminate\Foundation\Application.php(606): Stack\StackedHttpKernel->handle(Object(Illuminate\Http\Request))
#17 C:\Program Files (x86)\Ampps\www\e-waste\public\index.php(49): Illuminate\Foundation\Application->run()
#18 {main} [] []
[2014-02-15 08:48:24] production.ERROR: exception 'InvalidArgumentException' with message 'View [login] not found.' in C:\Program Files (x86)\Ampps\www\e-waste\vendor\laravel\framework\src\Illuminate\View\FileViewFinder.php:139
Stack trace:
#0 C:\Program Files (x86)\Ampps\www\e-waste\vendor\laravel\framework\src\Illuminate\View\FileViewFinder.php(76): Illuminate\View\FileViewFinder->findInPaths('login', Array)
#1 C:\Program Files (x86)\Ampps\www\e-waste\vendor\laravel\framework\src\Illuminate\View\Environment.php(115): Illuminate\View\FileViewFinder->find('login')
#2 C:\Program Files (x86)\Ampps\www\e-waste\vendor\laravel\framework\src\Illuminate\Support\Facades\Facade.php(208): Illuminate\View\Environment->make('login')
#3 C:\Program Files (x86)\Ampps\www\e-waste\app\controllers\AuthController.php(7): Illuminate\Support\Facades\Facade::__callStatic('make', Array)
#4 C:\Program Files (x86)\Ampps\www\e-waste\app\controllers\AuthController.php(7): Illuminate\Support\Facades\View::make('login')
#5 [internal function]: AuthController->getLogin()
#6 C:\Program Files (x86)\Ampps\www\e-waste\vendor\laravel\framework\src\Illuminate\Routing\Controller.php(194): call_user_func_array(Array, Array)
#7 C:\Program Files (x86)\Ampps\www\e-waste\vendor\laravel\framework\src\Illuminate\Routing\ControllerDispatcher.php(93): Illuminate\Routing\Controller->callAction('getLogin', Array)
#8 C:\Program Files (x86)\Ampps\www\e-waste\vendor\laravel\framework\src\Illuminate\Routing\ControllerDispatcher.php(62): Illuminate\Routing\ControllerDispatcher->call(Object(AuthController), Object(Illuminate\Routing\Route), 'getLogin')
#9 C:\Program Files (x86)\Ampps\www\e-waste\vendor\laravel\framework\src\Illuminate\Routing\Router.php(934): Illuminate\Routing\ControllerDispatcher->dispatch(Object(Illuminate\Routing\Route), Object(Illuminate\Http\Request), 'AuthController', 'getLogin')
#10 [internal function]: Illuminate\Routing\Router->Illuminate\Routing\{closure}()
#11 C:\Program Files (x86)\Ampps\www\e-waste\vendor\laravel\framework\src\Illuminate\Routing\Route.php(105): call_user_func_array(Object(Closure), Array)
#12 C:\Program Files (x86)\Ampps\www\e-waste\vendor\laravel\framework\src\Illuminate\Routing\Router.php(1000): Illuminate\Routing\Route->run(Object(Illuminate\Http\Request))
#13 C:\Program Files (x86)\Ampps\www\e-waste\vendor\laravel\framework\src\Illuminate\Routing\Router.php(968): Illuminate\Routing\Router->dispatchToRoute(Object(Illuminate\Http\Request))
#14 C:\Program Files (x86)\Ampps\www\e-waste\vendor\laravel\framework\src\Illuminate\Foundation\Application.php(738): Illuminate\Routing\Router->dispatch(Object(Illuminate\Http\Request))
#15 C:\Program Files (x86)\Ampps\www\e-waste\vendor\laravel\framework\src\Illuminate\Foundation\Application.php(708): Illuminate\Foundation\Application->dispatch(Object(Illuminate\Http\Request))
#16 C:\Program Files (x86)\Ampps\www\e-waste\vendor\laravel\framework\src\Illuminate\Http\FrameGuard.php(38): Illuminate\Foundation\Application->handle(Object(Illuminate\Http\Request), 1, true)
#17 C:\Program Files (x86)\Ampps\www\e-waste\vendor\laravel\framework\src\Illuminate\Session\Middleware.php(72): Illuminate\Http\FrameGuard->handle(Object(Illuminate\Http\Request), 1, true)
#18 C:\Program Files (x86)\Ampps\www\e-waste\vendor\laravel\framework\src\Illuminate\Cookie\Queue.php(47): Illuminate\Session\Middleware->handle(Object(Illuminate\Http\Request), 1, true)
#19 C:\Program Files (x86)\Ampps\www\e-waste\vendor\laravel\framework\src\Illuminate\Cookie\Guard.php(51): Illuminate\Cookie\Queue->handle(Object(Illuminate\Http\Request), 1, true)
#20 C:\Program Files (x86)\Ampps\www\e-waste\vendor\stack\builder\src\Stack\StackedHttpKernel.php(23): Illuminate\Cookie\Guard->handle(Object(Illuminate\Http\Request), 1, true)
#21 C:\Program Files (x86)\Ampps\www\e-waste\vendor\laravel\framework\src\Illuminate\Foundation\Application.php(606): Stack\StackedHttpKernel->handle(Object(Illuminate\Http\Request))
#22 C:\Program Files (x86)\Ampps\www\e-waste\public\index.php(49): Illuminate\Foundation\Application->run()
#23 {main} [] []
[2014-02-15 09:17:32] production.ERROR: exception 'Symfony\Component\HttpKernel\Exception\NotFoundHttpException' with message 'Controller method not found.' in C:\Program Files (x86)\Ampps\www\e-waste\vendor\laravel\framework\src\Illuminate\Routing\Controller.php:217
Stack trace:
#0 [internal function]: Illuminate\Routing\Controller->missingMethod(Array)
#1 C:\Program Files (x86)\Ampps\www\e-waste\vendor\laravel\framework\src\Illuminate\Routing\Controller.php(194): call_user_func_array(Array, Array)
#2 C:\Program Files (x86)\Ampps\www\e-waste\vendor\laravel\framework\src\Illuminate\Routing\ControllerDispatcher.php(93): Illuminate\Routing\Controller->callAction('missingMethod', Array)
#3 C:\Program Files (x86)\Ampps\www\e-waste\vendor\laravel\framework\src\Illuminate\Routing\ControllerDispatcher.php(62): Illuminate\Routing\ControllerDispatcher->call(Object(AuthController), Object(Illuminate\Routing\Route), 'missingMethod')
#4 C:\Program Files (x86)\Ampps\www\e-waste\vendor\laravel\framework\src\Illuminate\Routing\Router.php(934): Illuminate\Routing\ControllerDispatcher->dispatch(Object(Illuminate\Routing\Route), Object(Illuminate\Http\Request), 'AuthController', 'missingMethod')
#5 [internal function]: Illuminate\Routing\Router->Illuminate\Routing\{closure}(Array)
#6 C:\Program Files (x86)\Ampps\www\e-waste\vendor\laravel\framework\src\Illuminate\Routing\Route.php(105): call_user_func_array(Object(Closure), Array)
#7 C:\Program Files (x86)\Ampps\www\e-waste\vendor\laravel\framework\src\Illuminate\Routing\Router.php(1000): Illuminate\Routing\Route->run(Object(Illuminate\Http\Request))
#8 C:\Program Files (x86)\Ampps\www\e-waste\vendor\laravel\framework\src\Illuminate\Routing\Router.php(968): Illuminate\Routing\Router->dispatchToRoute(Object(Illuminate\Http\Request))
#9 C:\Program Files (x86)\Ampps\www\e-waste\vendor\laravel\framework\src\Illuminate\Foundation\Application.php(738): Illuminate\Routing\Router->dispatch(Object(Illuminate\Http\Request))
#10 C:\Program Files (x86)\Ampps\www\e-waste\vendor\laravel\framework\src\Illuminate\Foundation\Application.php(708): Illuminate\Foundation\Application->dispatch(Object(Illuminate\Http\Request))
#11 C:\Program Files (x86)\Ampps\www\e-waste\vendor\laravel\framework\src\Illuminate\Http\FrameGuard.php(38): Illuminate\Foundation\Application->handle(Object(Illuminate\Http\Request), 1, true)
#12 C:\Program Files (x86)\Ampps\www\e-waste\vendor\laravel\framework\src\Illuminate\Session\Middleware.php(72): Illuminate\Http\FrameGuard->handle(Object(Illuminate\Http\Request), 1, true)
#13 C:\Program Files (x86)\Ampps\www\e-waste\vendor\laravel\framework\src\Illuminate\Cookie\Queue.php(47): Illuminate\Session\Middleware->handle(Object(Illuminate\Http\Request), 1, true)
#14 C:\Program Files (x86)\Ampps\www\e-waste\vendor\laravel\framework\src\Illuminate\Cookie\Guard.php(51): Illuminate\Cookie\Queue->handle(Object(Illuminate\Http\Request), 1, true)
#15 C:\Program Files (x86)\Ampps\www\e-waste\vendor\stack\builder\src\Stack\StackedHttpKernel.php(23): Illuminate\Cookie\Guard->handle(Object(Illuminate\Http\Request), 1, true)
#16 C:\Program Files (x86)\Ampps\www\e-waste\vendor\laravel\framework\src\Illuminate\Foundation\Application.php(606): Stack\StackedHttpKernel->handle(Object(Illuminate\Http\Request))
#17 C:\Program Files (x86)\Ampps\www\e-waste\public\index.php(49): Illuminate\Foundation\Application->run()
#18 {main} [] []
[2014-02-15 09:17:53] production.ERROR: exception 'Symfony\Component\HttpKernel\Exception\NotFoundHttpException' with message 'Controller method not found.' in C:\Program Files (x86)\Ampps\www\e-waste\vendor\laravel\framework\src\Illuminate\Routing\Controller.php:217
Stack trace:
#0 [internal function]: Illuminate\Routing\Controller->missingMethod(Array)
#1 C:\Program Files (x86)\Ampps\www\e-waste\vendor\laravel\framework\src\Illuminate\Routing\Controller.php(194): call_user_func_array(Array, Array)
#2 C:\Program Files (x86)\Ampps\www\e-waste\vendor\laravel\framework\src\Illuminate\Routing\ControllerDispatcher.php(93): Illuminate\Routing\Controller->callAction('missingMethod', Array)
#3 C:\Program Files (x86)\Ampps\www\e-waste\vendor\laravel\framework\src\Illuminate\Routing\ControllerDispatcher.php(62): Illuminate\Routing\ControllerDispatcher->call(Object(AuthController), Object(Illuminate\Routing\Route), 'missingMethod')
#4 C:\Program Files (x86)\Ampps\www\e-waste\vendor\laravel\framework\src\Illuminate\Routing\Router.php(934): Illuminate\Routing\ControllerDispatcher->dispatch(Object(Illuminate\Routing\Route), Object(Illuminate\Http\Request), 'AuthController', 'missingMethod')
#5 [internal function]: Illuminate\Routing\Router->Illuminate\Routing\{closure}(Array)
#6 C:\Program Files (x86)\Ampps\www\e-waste\vendor\laravel\framework\src\Illuminate\Routing\Route.php(105): call_user_func_array(Object(Closure), Array)
#7 C:\Program Files (x86)\Ampps\www\e-waste\vendor\laravel\framework\src\Illuminate\Routing\Router.php(1000): Illuminate\Routing\Route->run(Object(Illuminate\Http\Request))
#8 C:\Program Files (x86)\Ampps\www\e-waste\vendor\laravel\framework\src\Illuminate\Routing\Router.php(968): Illuminate\Routing\Router->dispatchToRoute(Object(Illuminate\Http\Request))
#9 C:\Program Files (x86)\Ampps\www\e-waste\vendor\laravel\framework\src\Illuminate\Foundation\Application.php(738): Illuminate\Routing\Router->dispatch(Object(Illuminate\Http\Request))
#10 C:\Program Files (x86)\Ampps\www\e-waste\vendor\laravel\framework\src\Illuminate\Foundation\Application.php(708): Illuminate\Foundation\Application->dispatch(Object(Illuminate\Http\Request))
#11 C:\Program Files (x86)\Ampps\www\e-waste\vendor\laravel\framework\src\Illuminate\Http\FrameGuard.php(38): Illuminate\Foundation\Application->handle(Object(Illuminate\Http\Request), 1, true)
#12 C:\Program Files (x86)\Ampps\www\e-waste\vendor\laravel\framework\src\Illuminate\Session\Middleware.php(72): Illuminate\Http\FrameGuard->handle(Object(Illuminate\Http\Request), 1, true)
#13 C:\Program Files (x86)\Ampps\www\e-waste\vendor\laravel\framework\src\Illuminate\Cookie\Queue.php(47): Illuminate\Session\Middleware->handle(Object(Illuminate\Http\Request), 1, true)
#14 C:\Program Files (x86)\Ampps\www\e-waste\vendor\laravel\framework\src\Illuminate\Cookie\Guard.php(51): Illuminate\Cookie\Queue->handle(Object(Illuminate\Http\Request), 1, true)
#15 C:\Program Files (x86)\Ampps\www\e-waste\vendor\stack\builder\src\Stack\StackedHttpKernel.php(23): Illuminate\Cookie\Guard->handle(Object(Illuminate\Http\Request), 1, true)
#16 C:\Program Files (x86)\Ampps\www\e-waste\vendor\laravel\framework\src\Illuminate\Foundation\Application.php(606): Stack\StackedHttpKernel->handle(Object(Illuminate\Http\Request))
#17 C:\Program Files (x86)\Ampps\www\e-waste\public\index.php(49): Illuminate\Foundation\Application->run()
#18 {main} [] []
[2014-02-15 09:19:57] production.ERROR: exception 'Symfony\Component\HttpKernel\Exception\NotFoundHttpException' with message 'Controller method not found.' in C:\Program Files (x86)\Ampps\www\e-waste\vendor\laravel\framework\src\Illuminate\Routing\Controller.php:217
Stack trace:
#0 [internal function]: Illuminate\Routing\Controller->missingMethod(Array)
#1 C:\Program Files (x86)\Ampps\www\e-waste\vendor\laravel\framework\src\Illuminate\Routing\Controller.php(194): call_user_func_array(Array, Array)
#2 C:\Program Files (x86)\Ampps\www\e-waste\vendor\laravel\framework\src\Illuminate\Routing\ControllerDispatcher.php(93): Illuminate\Routing\Controller->callAction('missingMethod', Array)
#3 C:\Program Files (x86)\Ampps\www\e-waste\vendor\laravel\framework\src\Illuminate\Routing\ControllerDispatcher.php(62): Illuminate\Routing\ControllerDispatcher->call(Object(AuthController), Object(Illuminate\Routing\Route), 'missingMethod')
#4 C:\Program Files (x86)\Ampps\www\e-waste\vendor\laravel\framework\src\Illuminate\Routing\Router.php(934): Illuminate\Routing\ControllerDispatcher->dispatch(Object(Illuminate\Routing\Route), Object(Illuminate\Http\Request), 'AuthController', 'missingMethod')
#5 [internal function]: Illuminate\Routing\Router->Illuminate\Routing\{closure}(Array)
#6 C:\Program Files (x86)\Ampps\www\e-waste\vendor\laravel\framework\src\Illuminate\Routing\Route.php(105): call_user_func_array(Object(Closure), Array)
#7 C:\Program Files (x86)\Ampps\www\e-waste\vendor\laravel\framework\src\Illuminate\Routing\Router.php(1000): Illuminate\Routing\Route->run(Object(Illuminate\Http\Request))
#8 C:\Program Files (x86)\Ampps\www\e-waste\vendor\laravel\framework\src\Illuminate\Routing\Router.php(968): Illuminate\Routing\Router->dispatchToRoute(Object(Illuminate\Http\Request))
#9 C:\Program Files (x86)\Ampps\www\e-waste\vendor\laravel\framework\src\Illuminate\Foundation\Application.php(738): Illuminate\Routing\Router->dispatch(Object(Illuminate\Http\Request))
#10 C:\Program Files (x86)\Ampps\www\e-waste\vendor\laravel\framework\src\Illuminate\Foundation\Application.php(708): Illuminate\Foundation\Application->dispatch(Object(Illuminate\Http\Request))
#11 C:\Program Files (x86)\Ampps\www\e-waste\vendor\laravel\framework\src\Illuminate\Http\FrameGuard.php(38): Illuminate\Foundation\Application->handle(Object(Illuminate\Http\Request), 1, true)
#12 C:\Program Files (x86)\Ampps\www\e-waste\vendor\laravel\framework\src\Illuminate\Session\Middleware.php(72): Illuminate\Http\FrameGuard->handle(Object(Illuminate\Http\Request), 1, true)
#13 C:\Program Files (x86)\Ampps\www\e-waste\vendor\laravel\framework\src\Illuminate\Cookie\Queue.php(47): Illuminate\Session\Middleware->handle(Object(Illuminate\Http\Request), 1, true)
#14 C:\Program Files (x86)\Ampps\www\e-waste\vendor\laravel\framework\src\Illuminate\Cookie\Guard.php(51): Illuminate\Cookie\Queue->handle(Object(Illuminate\Http\Request), 1, true)
#15 C:\Program Files (x86)\Ampps\www\e-waste\vendor\stack\builder\src\Stack\StackedHttpKernel.php(23): Illuminate\Cookie\Guard->handle(Object(Illuminate\Http\Request), 1, true)
#16 C:\Program Files (x86)\Ampps\www\e-waste\vendor\laravel\framework\src\Illuminate\Foundation\Application.php(606): Stack\StackedHttpKernel->handle(Object(Illuminate\Http\Request))
#17 C:\Program Files (x86)\Ampps\www\e-waste\public\index.php(49): Illuminate\Foundation\Application->run()
#18 {main} [] []
[2014-02-15 09:24:07] production.ERROR: exception 'Symfony\Component\HttpKernel\Exception\NotFoundHttpException' with message 'Controller method not found.' in C:\Program Files (x86)\Ampps\www\e-waste\vendor\laravel\framework\src\Illuminate\Routing\Controller.php:217
Stack trace:
#0 [internal function]: Illuminate\Routing\Controller->missingMethod(Array)
#1 C:\Program Files (x86)\Ampps\www\e-waste\vendor\laravel\framework\src\Illuminate\Routing\Controller.php(194): call_user_func_array(Array, Array)
#2 C:\Program Files (x86)\Ampps\www\e-waste\vendor\laravel\framework\src\Illuminate\Routing\ControllerDispatcher.php(93): Illuminate\Routing\Controller->callAction('missingMethod', Array)
#3 C:\Program Files (x86)\Ampps\www\e-waste\vendor\laravel\framework\src\Illuminate\Routing\ControllerDispatcher.php(62): Illuminate\Routing\ControllerDispatcher->call(Object(AuthController), Object(Illuminate\Routing\Route), 'missingMethod')
#4 C:\Program Files (x86)\Ampps\www\e-waste\vendor\laravel\framework\src\Illuminate\Routing\Router.php(934): Illuminate\Routing\ControllerDispatcher->dispatch(Object(Illuminate\Routing\Route), Object(Illuminate\Http\Request), 'AuthController', 'missingMethod')
#5 [internal function]: Illuminate\Routing\Router->Illuminate\Routing\{closure}(Array)
#6 C:\Program Files (x86)\Ampps\www\e-waste\vendor\laravel\framework\src\Illuminate\Routing\Route.php(105): call_user_func_array(Object(Closure), Array)
#7 C:\Program Files (x86)\Ampps\www\e-waste\vendor\laravel\framework\src\Illuminate\Routing\Router.php(1000): Illuminate\Routing\Route->run(Object(Illuminate\Http\Request))
#8 C:\Program Files (x86)\Ampps\www\e-waste\vendor\laravel\framework\src\Illuminate\Routing\Router.php(968): Illuminate\Routing\Router->dispatchToRoute(Object(Illuminate\Http\Request))
#9 C:\Program Files (x86)\Ampps\www\e-waste\vendor\laravel\framework\src\Illuminate\Foundation\Application.php(738): Illuminate\Routing\Router->dispatch(Object(Illuminate\Http\Request))
#10 C:\Program Files (x86)\Ampps\www\e-waste\vendor\laravel\framework\src\Illuminate\Foundation\Application.php(708): Illuminate\Foundation\Application->dispatch(Object(Illuminate\Http\Request))
#11 C:\Program Files (x86)\Ampps\www\e-waste\vendor\laravel\framework\src\Illuminate\Http\FrameGuard.php(38): Illuminate\Foundation\Application->handle(Object(Illuminate\Http\Request), 1, true)
#12 C:\Program Files (x86)\Ampps\www\e-waste\vendor\laravel\framework\src\Illuminate\Session\Middleware.php(72): Illuminate\Http\FrameGuard->handle(Object(Illuminate\Http\Request), 1, true)
#13 C:\Program Files (x86)\Ampps\www\e-waste\vendor\laravel\framework\src\Illuminate\Cookie\Queue.php(47): Illuminate\Session\Middleware->handle(Object(Illuminate\Http\Request), 1, true)
#14 C:\Program Files (x86)\Ampps\www\e-waste\vendor\laravel\framework\src\Illuminate\Cookie\Guard.php(51): Illuminate\Cookie\Queue->handle(Object(Illuminate\Http\Request), 1, true)
#15 C:\Program Files (x86)\Ampps\www\e-waste\vendor\stack\builder\src\Stack\StackedHttpKernel.php(23): Illuminate\Cookie\Guard->handle(Object(Illuminate\Http\Request), 1, true)
#16 C:\Program Files (x86)\Ampps\www\e-waste\vendor\laravel\framework\src\Illuminate\Foundation\Application.php(606): Stack\StackedHttpKernel->handle(Object(Illuminate\Http\Request))
#17 C:\Program Files (x86)\Ampps\www\e-waste\public\index.php(49): Illuminate\Foundation\Application->run()
#18 {main} [] []
[2014-02-15 09:25:27] production.ERROR: exception 'Symfony\Component\Debug\Exception\FatalErrorException' with message 'syntax error, unexpected '=>' (T_DOUBLE_ARROW)' in C:\Program Files (x86)\Ampps\www\e-waste\app\storage\views\ed0e3589ac00a87891b828e9d1e82373:31
Stack trace:
#0 [internal function]: Illuminate\Exception\Handler->handleShutdown()
#1 {main} [] []
[2014-02-15 09:27:46] production.ERROR: exception 'Symfony\Component\HttpKernel\Exception\NotFoundHttpException' with message 'Controller method not found.' in C:\Program Files (x86)\Ampps\www\e-waste\vendor\laravel\framework\src\Illuminate\Routing\Controller.php:217
Stack trace:
#0 [internal function]: Illuminate\Routing\Controller->missingMethod(Array)
#1 C:\Program Files (x86)\Ampps\www\e-waste\vendor\laravel\framework\src\Illuminate\Routing\Controller.php(194): call_user_func_array(Array, Array)
#2 C:\Program Files (x86)\Ampps\www\e-waste\vendor\laravel\framework\src\Illuminate\Routing\ControllerDispatcher.php(93): Illuminate\Routing\Controller->callAction('missingMethod', Array)
#3 C:\Program Files (x86)\Ampps\www\e-waste\vendor\laravel\framework\src\Illuminate\Routing\ControllerDispatcher.php(62): Illuminate\Routing\ControllerDispatcher->call(Object(AuthController), Object(Illuminate\Routing\Route), 'missingMethod')
#4 C:\Program Files (x86)\Ampps\www\e-waste\vendor\laravel\framework\src\Illuminate\Routing\Router.php(934): Illuminate\Routing\ControllerDispatcher->dispatch(Object(Illuminate\Routing\Route), Object(Illuminate\Http\Request), 'AuthController', 'missingMethod')
#5 [internal function]: Illuminate\Routing\Router->Illuminate\Routing\{closure}(Array)
#6 C:\Program Files (x86)\Ampps\www\e-waste\vendor\laravel\framework\src\Illuminate\Routing\Route.php(105): call_user_func_array(Object(Closure), Array)
#7 C:\Program Files (x86)\Ampps\www\e-waste\vendor\laravel\framework\src\Illuminate\Routing\Router.php(1000): Illuminate\Routing\Route->run(Object(Illuminate\Http\Request))
#8 C:\Program Files (x86)\Ampps\www\e-waste\vendor\laravel\framework\src\Illuminate\Routing\Router.php(968): Illuminate\Routing\Router->dispatchToRoute(Object(Illuminate\Http\Request))
#9 C:\Program Files (x86)\Ampps\www\e-waste\vendor\laravel\framework\src\Illuminate\Foundation\Application.php(738): Illuminate\Routing\Router->dispatch(Object(Illuminate\Http\Request))
#10 C:\Program Files (x86)\Ampps\www\e-waste\vendor\laravel\framework\src\Illuminate\Foundation\Application.php(708): Illuminate\Foundation\Application->dispatch(Object(Illuminate\Http\Request))
#11 C:\Program Files (x86)\Ampps\www\e-waste\vendor\laravel\framework\src\Illuminate\Http\FrameGuard.php(38): Illuminate\Foundation\Application->handle(Object(Illuminate\Http\Request), 1, true)
#12 C:\Program Files (x86)\Ampps\www\e-waste\vendor\laravel\framework\src\Illuminate\Session\Middleware.php(72): Illuminate\Http\FrameGuard->handle(Object(Illuminate\Http\Request), 1, true)
#13 C:\Program Files (x86)\Ampps\www\e-waste\vendor\laravel\framework\src\Illuminate\Cookie\Queue.php(47): Illuminate\Session\Middleware->handle(Object(Illuminate\Http\Request), 1, true)
#14 C:\Program Files (x86)\Ampps\www\e-waste\vendor\laravel\framework\src\Illuminate\Cookie\Guard.php(51): Illuminate\Cookie\Queue->handle(Object(Illuminate\Http\Request), 1, true)
#15 C:\Program Files (x86)\Ampps\www\e-waste\vendor\stack\builder\src\Stack\StackedHttpKernel.php(23): Illuminate\Cookie\Guard->handle(Object(Illuminate\Http\Request), 1, true)
#16 C:\Program Files (x86)\Ampps\www\e-waste\vendor\laravel\framework\src\Illuminate\Foundation\Application.php(606): Stack\StackedHttpKernel->handle(Object(Illuminate\Http\Request))
#17 C:\Program Files (x86)\Ampps\www\e-waste\public\index.php(49): Illuminate\Foundation\Application->run()
#18 {main} [] []
